# JRE version: Java(TM) SE Runtime Environment (17.0.10+11) (build 17.0.10+11-LTS-240)
# Java VM: Java HotSpot(TM) 64-Bit Server VM (17.0.10+11-LTS-240, mixed mode, sharing, tiered, compressed oops, compressed class ptrs, g1 gc, windows-amd64)
GC Precious Log:
 CPUs: 20 total, 20 available
 Memory: 16125M
 Large Page Support: Disabled
 NUMA Support: Disabled
 Compressed Oops: Enabled (32-bit)
 Heap Region Size: 1M
 Heap Min Capacity: 256M
 Heap Initial Capacity: 256M
 Heap Max Capacity: 512M
 Pre-touch: Disabled
 Parallel Workers: 15
 Concurrent Workers: 4
 Concurrent Refinement Workers: 15
 Periodic GC: Disabled
Heap:
 garbage-first heap   total 262144K, used 122931K [0x00000000e0000000, 0x0000000100000000)
  region size 1024K, 52 young (53248K), 0 survivors (0K)
 Metaspace       used 58465K, committed 59072K, reserved 393216K
  class space    used 8192K, committed 8512K, reserved 327680K
GC Heap History (20 events):
Event: 174.914 GC heap before
{Heap before GC invocations=5 (full 0):
 garbage-first heap   total 262144K, used 33731K [0x00000000e0000000, 0x0000000100000000)
  region size 1024K, 11 young (11264K), 9 survivors (9216K)
 Metaspace       used 35677K, committed 35968K, reserved 393216K
  class space    used 4925K, committed 5056K, reserved 327680K
}
Event: 174.925 GC heap after
{Heap after GC invocations=6 (full 0):
 garbage-first heap   total 262144K, used 33326K [0x00000000e0000000, 0x0000000100000000)
  region size 1024K, 2 young (2048K), 2 survivors (2048K)
 Metaspace       used 35677K, committed 35968K, reserved 393216K
  class space    used 4925K, committed 5056K, reserved 327680K
}
Event: 175.036 GC heap before
{Heap before GC invocations=6 (full 0):
 garbage-first heap   total 262144K, used 35374K [0x00000000e0000000, 0x0000000100000000)
  region size 1024K, 5 young (5120K), 2 survivors (2048K)
 Metaspace       used 35919K, committed 36288K, reserved 393216K
  class space    used 4964K, committed 5184K, reserved 327680K
}
Event: 175.041 GC heap after
{Heap after GC invocations=7 (full 0):
 garbage-first heap   total 262144K, used 32368K [0x00000000e0000000, 0x0000000100000000)
  region size 1024K, 1 young (1024K), 1 survivors (1024K)
 Metaspace       used 35919K, committed 36288K, reserved 393216K
  class space    used 4964K, committed 5184K, reserved 327680K
}
Event: 185.281 GC heap before
{Heap before GC invocations=8 (full 0):
 garbage-first heap   total 262144K, used 189040K [0x00000000e0000000, 0x0000000100000000)
  region size 1024K, 153 young (156672K), 1 survivors (1024K)
 Metaspace       used 49517K, committed 49984K, reserved 393216K
  class space    used 7031K, committed 7232K, reserved 327680K
}
Event: 185.288 GC heap after
{Heap after GC invocations=9 (full 0):
 garbage-first heap   total 262144K, used 40012K [0x00000000e0000000, 0x0000000100000000)
  region size 1024K, 9 young (9216K), 9 survivors (9216K)
 Metaspace       used 49517K, committed 49984K, reserved 393216K
  class space    used 7031K, committed 7232K, reserved 327680K
}
Event: 185.328 GC heap before
{Heap before GC invocations=9 (full 0):
 garbage-first heap   total 262144K, used 43084K [0x00000000e0000000, 0x0000000100000000)
  region size 1024K, 12 young (12288K), 9 survivors (9216K)
 Metaspace       used 49617K, committed 50048K, reserved 393216K
  class space    used 7044K, committed 7232K, reserved 327680K
}
Event: 185.334 GC heap after
{Heap after GC invocations=10 (full 0):
 garbage-first heap   total 262144K, used 41128K [0x00000000e0000000, 0x0000000100000000)
  region size 1024K, 2 young (2048K), 2 survivors (2048K)
 Metaspace       used 49617K, committed 50048K, reserved 393216K
  class space    used 7044K, committed 7232K, reserved 327680K
}
Event: 196.173 GC heap before
{Heap before GC invocations=10 (full 0):
 garbage-first heap   total 262144K, used 194728K [0x00000000e0000000, 0x0000000100000000)
  region size 1024K, 153 young (156672K), 2 survivors (2048K)
 Metaspace       used 55833K, committed 56512K, reserved 393216K
  class space    used 7922K, committed 8256K, reserved 327680K
}
Event: 196.185 GC heap after
{Heap after GC invocations=11 (full 0):
 garbage-first heap   total 262144K, used 53119K [0x00000000e0000000, 0x0000000100000000)
  region size 1024K, 13 young (13312K), 13 survivors (13312K)
 Metaspace       used 55833K, committed 56512K, reserved 393216K
  class space    used 7922K, committed 8256K, reserved 327680K
}
Event: 339.410 GC heap before
{Heap before GC invocations=11 (full 0):
 garbage-first heap   total 262144K, used 195455K [0x00000000e0000000, 0x0000000100000000)
  region size 1024K, 153 young (156672K), 13 survivors (13312K)
 Metaspace       used 57721K, committed 58304K, reserved 393216K
  class space    used 8081K, committed 8384K, reserved 327680K
}
Event: 339.512 GC heap after
{Heap after GC invocations=12 (full 0):
 garbage-first heap   total 262144K, used 59327K [0x00000000e0000000, 0x0000000100000000)
  region size 1024K, 7 young (7168K), 7 survivors (7168K)
 Metaspace       used 57721K, committed 58304K, reserved 393216K
  class space    used 8081K, committed 8384K, reserved 327680K
}
Event: 342.772 GC heap before
{Heap before GC invocations=12 (full 0):
 garbage-first heap   total 262144K, used 204735K [0x00000000e0000000, 0x0000000100000000)
  region size 1024K, 149 young (152576K), 7 survivors (7168K)
 Metaspace       used 58160K, committed 58816K, reserved 393216K
  class space    used 8147K, committed 8448K, reserved 327680K
}
Event: 342.780 GC heap after
{Heap after GC invocations=13 (full 0):
 garbage-first heap   total 262144K, used 64442K [0x00000000e0000000, 0x0000000100000000)
  region size 1024K, 12 young (12288K), 12 survivors (12288K)
 Metaspace       used 58160K, committed 58816K, reserved 393216K
  class space    used 8147K, committed 8448K, reserved 327680K
}
Event: 349.228 GC heap before
{Heap before GC invocations=13 (full 0):
 garbage-first heap   total 262144K, used 210874K [0x00000000e0000000, 0x0000000100000000)
  region size 1024K, 152 young (155648K), 12 survivors (12288K)
 Metaspace       used 58287K, committed 58944K, reserved 393216K
  class space    used 8160K, committed 8448K, reserved 327680K
}
Event: 349.266 GC heap after
{Heap after GC invocations=14 (full 0):
 garbage-first heap   total 262144K, used 72668K [0x00000000e0000000, 0x0000000100000000)
  region size 1024K, 15 young (15360K), 15 survivors (15360K)
 Metaspace       used 58287K, committed 58944K, reserved 393216K
  class space    used 8160K, committed 8448K, reserved 327680K
}
Event: 363.522 GC heap before
{Heap before GC invocations=14 (full 0):
 garbage-first heap   total 262144K, used 99292K [0x00000000e0000000, 0x0000000100000000)
  region size 1024K, 42 young (43008K), 15 survivors (15360K)
 Metaspace       used 58461K, committed 59072K, reserved 393216K
  class space    used 8188K, committed 8512K, reserved 327680K
}
Event: 363.622 GC heap after
{Heap after GC invocations=15 (full 1):
 garbage-first heap   total 262144K, used 70707K [0x00000000e0000000, 0x0000000100000000)
  region size 1024K, 0 young (0K), 0 survivors (0K)
 Metaspace       used 58461K, committed 59072K, reserved 393216K
  class space    used 8188K, committed 8512K, reserved 327680K
}
Event: 363.696 GC heap before
{Heap before GC invocations=15 (full 1):
 garbage-first heap   total 262144K, used 70707K [0x00000000e0000000, 0x0000000100000000)
  region size 1024K, 1 young (1024K), 0 survivors (0K)
 Metaspace       used 58461K, committed 59072K, reserved 393216K
  class space    used 8188K, committed 8512K, reserved 327680K
}
Event: 363.737 GC heap after
{Heap after GC invocations=16 (full 2):
 garbage-first heap   total 262144K, used 70707K [0x00000000e0000000, 0x0000000100000000)
  region size 1024K, 0 young (0K), 0 survivors (0K)
 Metaspace       used 58461K, committed 59072K, reserved 393216K
  class space    used 8188K, committed 8512K, reserved 327680K
}

