# JRE version: Java(TM) SE Runtime Environment (17.0.10+11) (build 17.0.10+11-LTS-240)
# Java VM: Java HotSpot(TM) 64-Bit Server VM (17.0.10+11-LTS-240, mixed mode, sharing, tiered, compressed oops, compressed class ptrs, g1 gc, windows-amd64)
GC Precious Log:
 CPUs: 20 total, 20 available
 Memory: 16125M
 Large Page Support: Disabled
 NUMA Support: Disabled
 Compressed Oops: Enabled (32-bit)
 Heap Region Size: 1M
 Heap Min Capacity: 256M
 Heap Initial Capacity: 256M
 Heap Max Capacity: 512M
 Pre-touch: Disabled
 Parallel Workers: 15
 Concurrent Workers: 4
 Concurrent Refinement Workers: 15
 Periodic GC: Disabled
Heap:
 garbage-first heap   total 262144K, used 64094K [0x00000000e0000000, 0x0000000100000000)
  region size 1024K, 12 young (12288K), 5 survivors (5120K)
 Metaspace       used 57623K, committed 58304K, reserved 393216K
  class space    used 8064K, committed 8384K, reserved 327680K
GC Heap History (20 events):
Event: 3.815 GC heap before
{Heap before GC invocations=1 (full 0):
 garbage-first heap   total 262144K, used 38453K [0x00000000e0000000, 0x0000000100000000)
  region size 1024K, 30 young (30720K), 3 survivors (3072K)
 Metaspace       used 4142K, committed 4352K, reserved 393216K
  class space    used 508K, committed 640K, reserved 327680K
}
Event: 3.818 GC heap after
{Heap after GC invocations=2 (full 0):
 garbage-first heap   total 262144K, used 12000K [0x00000000e0000000, 0x0000000100000000)
  region size 1024K, 2 young (2048K), 2 survivors (2048K)
 Metaspace       used 4142K, committed 4352K, reserved 393216K
  class space    used 508K, committed 640K, reserved 327680K
}
Event: 9.881 GC heap before
{Heap before GC invocations=2 (full 0):
 garbage-first heap   total 262144K, used 138976K [0x00000000e0000000, 0x0000000100000000)
  region size 1024K, 124 young (126976K), 2 survivors (2048K)
 Metaspace       used 20364K, committed 20672K, reserved 393216K
  class space    used 2962K, committed 3136K, reserved 327680K
}
Event: 9.910 GC heap after
{Heap after GC invocations=3 (full 0):
 garbage-first heap   total 262144K, used 23349K [0x00000000e0000000, 0x0000000100000000)
  region size 1024K, 12 young (12288K), 12 survivors (12288K)
 Metaspace       used 20364K, committed 20672K, reserved 393216K
  class space    used 2962K, committed 3136K, reserved 327680K
}
Event: 10.143 GC heap before
{Heap before GC invocations=3 (full 0):
 garbage-first heap   total 262144K, used 29493K [0x00000000e0000000, 0x0000000100000000)
  region size 1024K, 19 young (19456K), 12 survivors (12288K)
 Metaspace       used 21247K, committed 21504K, reserved 393216K
  class space    used 3115K, committed 3264K, reserved 327680K
}
Event: 10.150 GC heap after
{Heap after GC invocations=4 (full 0):
 garbage-first heap   total 262144K, used 24875K [0x00000000e0000000, 0x0000000100000000)
  region size 1024K, 2 young (2048K), 2 survivors (2048K)
 Metaspace       used 21247K, committed 21504K, reserved 393216K
  class space    used 3115K, committed 3264K, reserved 327680K
}
Event: 16.267 GC heap before
{Heap before GC invocations=5 (full 0):
 garbage-first heap   total 262144K, used 146731K [0x00000000e0000000, 0x0000000100000000)
  region size 1024K, 118 young (120832K), 2 survivors (2048K)
 Metaspace       used 35608K, committed 35968K, reserved 393216K
  class space    used 4937K, committed 5120K, reserved 327680K
}
Event: 16.272 GC heap after
{Heap after GC invocations=6 (full 0):
 garbage-first heap   total 262144K, used 33267K [0x00000000e0000000, 0x0000000100000000)
  region size 1024K, 10 young (10240K), 10 survivors (10240K)
 Metaspace       used 35608K, committed 35968K, reserved 393216K
  class space    used 4937K, committed 5120K, reserved 327680K
}
Event: 16.312 GC heap before
{Heap before GC invocations=6 (full 0):
 garbage-first heap   total 262144K, used 34291K [0x00000000e0000000, 0x0000000100000000)
  region size 1024K, 12 young (12288K), 10 survivors (10240K)
 Metaspace       used 35751K, committed 36096K, reserved 393216K
  class space    used 4962K, committed 5120K, reserved 327680K
}
Event: 16.322 GC heap after
{Heap after GC invocations=7 (full 0):
 garbage-first heap   total 262144K, used 33113K [0x00000000e0000000, 0x0000000100000000)
  region size 1024K, 2 young (2048K), 2 survivors (2048K)
 Metaspace       used 35751K, committed 36096K, reserved 393216K
  class space    used 4962K, committed 5120K, reserved 327680K
}
Event: 16.365 GC heap before
{Heap before GC invocations=7 (full 0):
 garbage-first heap   total 262144K, used 35161K [0x00000000e0000000, 0x0000000100000000)
  region size 1024K, 5 young (5120K), 2 survivors (2048K)
 Metaspace       used 35937K, committed 36288K, reserved 393216K
  class space    used 4994K, committed 5184K, reserved 327680K
}
Event: 16.366 GC heap after
{Heap after GC invocations=8 (full 0):
 garbage-first heap   total 262144K, used 32468K [0x00000000e0000000, 0x0000000100000000)
  region size 1024K, 1 young (1024K), 1 survivors (1024K)
 Metaspace       used 35937K, committed 36288K, reserved 393216K
  class space    used 4994K, committed 5184K, reserved 327680K
}
Event: 20.794 GC heap before
{Heap before GC invocations=9 (full 0):
 garbage-first heap   total 262144K, used 189140K [0x00000000e0000000, 0x0000000100000000)
  region size 1024K, 153 young (156672K), 1 survivors (1024K)
 Metaspace       used 49243K, committed 49728K, reserved 393216K
  class space    used 7002K, committed 7232K, reserved 327680K
}
Event: 20.800 GC heap after
{Heap after GC invocations=10 (full 0):
 garbage-first heap   total 262144K, used 40961K [0x00000000e0000000, 0x0000000100000000)
  region size 1024K, 9 young (9216K), 9 survivors (9216K)
 Metaspace       used 49243K, committed 49728K, reserved 393216K
  class space    used 7002K, committed 7232K, reserved 327680K
}
Event: 20.842 GC heap before
{Heap before GC invocations=10 (full 0):
 garbage-first heap   total 262144K, used 44033K [0x00000000e0000000, 0x0000000100000000)
  region size 1024K, 12 young (12288K), 9 survivors (9216K)
 Metaspace       used 49267K, committed 49728K, reserved 393216K
  class space    used 7006K, committed 7232K, reserved 327680K
}
Event: 20.847 GC heap after
{Heap after GC invocations=11 (full 0):
 garbage-first heap   total 262144K, used 41842K [0x00000000e0000000, 0x0000000100000000)
  region size 1024K, 2 young (2048K), 2 survivors (2048K)
 Metaspace       used 49267K, committed 49728K, reserved 393216K
  class space    used 7006K, committed 7232K, reserved 327680K
}
Event: 65.120 GC heap before
{Heap before GC invocations=11 (full 0):
 garbage-first heap   total 262144K, used 195442K [0x00000000e0000000, 0x0000000100000000)
  region size 1024K, 153 young (156672K), 2 survivors (2048K)
 Metaspace       used 55742K, committed 56384K, reserved 393216K
  class space    used 7901K, committed 8192K, reserved 327680K
}
Event: 65.129 GC heap after
{Heap after GC invocations=12 (full 0):
 garbage-first heap   total 262144K, used 53310K [0x00000000e0000000, 0x0000000100000000)
  region size 1024K, 13 young (13312K), 13 survivors (13312K)
 Metaspace       used 55742K, committed 56384K, reserved 393216K
  class space    used 7901K, committed 8192K, reserved 327680K
}
Event: 124.821 GC heap before
{Heap before GC invocations=12 (full 0):
 garbage-first heap   total 262144K, used 195646K [0x00000000e0000000, 0x0000000100000000)
  region size 1024K, 153 young (156672K), 13 survivors (13312K)
 Metaspace       used 57586K, committed 58304K, reserved 393216K
  class space    used 8057K, committed 8384K, reserved 327680K
}
Event: 124.851 GC heap after
{Heap after GC invocations=13 (full 0):
 garbage-first heap   total 262144K, used 57950K [0x00000000e0000000, 0x0000000100000000)
  region size 1024K, 5 young (5120K), 5 survivors (5120K)
 Metaspace       used 57586K, committed 58304K, reserved 393216K
  class space    used 8057K, committed 8384K, reserved 327680K
}

